Analysis & Elaboration report for MIPS
Tue Nov 10 17:29:08 2020
Quartus Prime Version 18.1.0 Build 625 09/12/2018 SJ Lite Edition


---------------------
; Table of Contents ;
---------------------
  1. Legal Notice
  2. Analysis & Elaboration Summary
  3. Parallel Compilation
  4. Parameter Settings for User Entity Instance: Top-level Entity: |topLevel
  5. Parameter Settings for User Entity Instance: memoriaROM:ROM
  6. Parameter Settings for User Entity Instance: registrador:ProgConter
  7. Parameter Settings for User Entity Instance: somadorConstante:SOMADOR_C
  8. Parameter Settings for User Entity Instance: unidadeControle:UC
  9. Parameter Settings for User Entity Instance: unidadeControleULA:UCula
 10. Parameter Settings for User Entity Instance: mux2x1:muxEndREG3
 11. Parameter Settings for User Entity Instance: bancoRegistradores:BR
 12. Parameter Settings for User Entity Instance: estendeSinal:EXT
 13. Parameter Settings for User Entity Instance: mux2x1:muxULA
 14. Parameter Settings for User Entity Instance: ULA:ULAa
 15. Parameter Settings for User Entity Instance: ULA:ULAa|miniULA:ULA0|mux4x1Bit:mux
 16. Parameter Settings for User Entity Instance: ULA:ULAa|miniULA:ULA1|mux4x1Bit:mux
 17. Parameter Settings for User Entity Instance: ULA:ULAa|miniULA:ULA2|mux4x1Bit:mux
 18. Parameter Settings for User Entity Instance: ULA:ULAa|miniULA:ULA3|mux4x1Bit:mux
 19. Parameter Settings for User Entity Instance: ULA:ULAa|miniULA:ULA4|mux4x1Bit:mux
 20. Parameter Settings for User Entity Instance: ULA:ULAa|miniULA:ULA5|mux4x1Bit:mux
 21. Parameter Settings for User Entity Instance: ULA:ULAa|miniULA:ULA6|mux4x1Bit:mux
 22. Parameter Settings for User Entity Instance: ULA:ULAa|miniULA:ULA7|mux4x1Bit:mux
 23. Parameter Settings for User Entity Instance: ULA:ULAa|miniULA:ULA8|mux4x1Bit:mux
 24. Parameter Settings for User Entity Instance: ULA:ULAa|miniULA:ULA9|mux4x1Bit:mux
 25. Parameter Settings for User Entity Instance: ULA:ULAa|miniULA:ULA10|mux4x1Bit:mux
 26. Parameter Settings for User Entity Instance: ULA:ULAa|miniULA:ULA11|mux4x1Bit:mux
 27. Parameter Settings for User Entity Instance: ULA:ULAa|miniULA:ULA12|mux4x1Bit:mux
 28. Parameter Settings for User Entity Instance: ULA:ULAa|miniULA:ULA13|mux4x1Bit:mux
 29. Parameter Settings for User Entity Instance: ULA:ULAa|miniULA:ULA14|mux4x1Bit:mux
 30. Parameter Settings for User Entity Instance: ULA:ULAa|miniULA:ULA15|mux4x1Bit:mux
 31. Parameter Settings for User Entity Instance: ULA:ULAa|miniULA:ULA16|mux4x1Bit:mux
 32. Parameter Settings for User Entity Instance: ULA:ULAa|miniULA:ULA17|mux4x1Bit:mux
 33. Parameter Settings for User Entity Instance: ULA:ULAa|miniULA:ULA18|mux4x1Bit:mux
 34. Parameter Settings for User Entity Instance: ULA:ULAa|miniULA:ULA19|mux4x1Bit:mux
 35. Parameter Settings for User Entity Instance: ULA:ULAa|miniULA:ULA20|mux4x1Bit:mux
 36. Parameter Settings for User Entity Instance: ULA:ULAa|miniULA:ULA21|mux4x1Bit:mux
 37. Parameter Settings for User Entity Instance: ULA:ULAa|miniULA:ULA22|mux4x1Bit:mux
 38. Parameter Settings for User Entity Instance: ULA:ULAa|miniULA:ULA23|mux4x1Bit:mux
 39. Parameter Settings for User Entity Instance: ULA:ULAa|miniULA:ULA24|mux4x1Bit:mux
 40. Parameter Settings for User Entity Instance: ULA:ULAa|miniULA:ULA25|mux4x1Bit:mux
 41. Parameter Settings for User Entity Instance: ULA:ULAa|miniULA:ULA26|mux4x1Bit:mux
 42. Parameter Settings for User Entity Instance: ULA:ULAa|miniULA:ULA27|mux4x1Bit:mux
 43. Parameter Settings for User Entity Instance: ULA:ULAa|miniULA:ULA28|mux4x1Bit:mux
 44. Parameter Settings for User Entity Instance: ULA:ULAa|miniULA:ULA29|mux4x1Bit:mux
 45. Parameter Settings for User Entity Instance: ULA:ULAa|miniULA:ULA30|mux4x1Bit:mux
 46. Parameter Settings for User Entity Instance: ULA:ULAa|miniULA:ULA31|mux4x1Bit:mux
 47. Parameter Settings for User Entity Instance: memoriaRAM:RAM
 48. Parameter Settings for User Entity Instance: mux2x1:muxEscREG3
 49. Parameter Settings for User Entity Instance: shifter:SHIFTER
 50. Parameter Settings for User Entity Instance: somador:SOMADOR
 51. Parameter Settings for User Entity Instance: mux2x1:muxJUMP
 52. Parameter Settings for User Entity Instance: mux2x1:muxPC
 53. Analysis & Elaboration Settings
 54. Port Connectivity Checks: "mux2x1:muxPC"
 55. Port Connectivity Checks: "ULA:ULAa|miniULA:ULA0|mux4x1Bit:mux"
 56. Port Connectivity Checks: "registrador:ProgConter"
 57. Analysis & Elaboration Messages



----------------
; Legal Notice ;
----------------
Copyright (C) 2018  Intel Corporation. All rights reserved.
Your use of Intel Corporation's design tools, logic functions 
and other software and tools, and its AMPP partner logic 
functions, and any output files from any of the foregoing 
(including device programming or simulation files), and any 
associated documentation or information are expressly subject 
to the terms and conditions of the Intel Program License 
Subscription Agreement, the Intel Quartus Prime License Agreement,
the Intel FPGA IP License Agreement, or other applicable license
agreement, including, without limitation, that your use is for
the sole purpose of programming logic devices manufactured by
Intel and sold by Intel or its authorized distributors.  Please
refer to the applicable agreement for further details.



+-----------------------------------------------------------------------------+
; Analysis & Elaboration Summary                                              ;
+-------------------------------+---------------------------------------------+
; Analysis & Elaboration Status ; Successful - Tue Nov 10 17:29:08 2020       ;
; Quartus Prime Version         ; 18.1.0 Build 625 09/12/2018 SJ Lite Edition ;
; Revision Name                 ; MIPS                                        ;
; Top-level Entity Name         ; topLevel                                    ;
; Family                        ; Cyclone V                                   ;
; Logic utilization (in ALMs)   ; N/A until Partition Merge                   ;
; Total registers               ; N/A until Partition Merge                   ;
; Total pins                    ; N/A until Partition Merge                   ;
; Total virtual pins            ; N/A until Partition Merge                   ;
; Total block memory bits       ; N/A until Partition Merge                   ;
; Total PLLs                    ; N/A until Partition Merge                   ;
; Total DLLs                    ; N/A until Partition Merge                   ;
+-------------------------------+---------------------------------------------+


+------------------------------------------+
; Parallel Compilation                     ;
+----------------------------+-------------+
; Processors                 ; Number      ;
+----------------------------+-------------+
; Number detected on machine ; 8           ;
; Maximum allowed            ; 4           ;
;                            ;             ;
; Average used               ; 1.00        ;
; Maximum used               ; 1           ;
;                            ;             ;
; Usage by Processor         ; % Time Used ;
;     Processor 1            ; 100.0%      ;
+----------------------------+-------------+


+--------------------------------------------------------------------------+
; Parameter Settings for User Entity Instance: Top-level Entity: |topLevel ;
+----------------+-------+-------------------------------------------------+
; Parameter Name ; Value ; Type                                            ;
+----------------+-------+-------------------------------------------------+
; DATA_WIDTH     ; 32    ; Signed Integer                                  ;
; ROM_DATA_WIDTH ; 32    ; Signed Integer                                  ;
; ADDR_WIDTH     ; 32    ; Signed Integer                                  ;
+----------------+-------+-------------------------------------------------+
Note: In order to hide this table in the UI and the text report file, please set the "Show Parameter Settings in Synthesis Report" option in "Analysis and Synthesis Settings -> More Settings" to "Off".


+-------------------------------------------------------------+
; Parameter Settings for User Entity Instance: memoriaROM:ROM ;
+-----------------+-------+-----------------------------------+
; Parameter Name  ; Value ; Type                              ;
+-----------------+-------+-----------------------------------+
; datawidth       ; 32    ; Signed Integer                    ;
; addrwidth       ; 32    ; Signed Integer                    ;
; memoryaddrwidth ; 6     ; Signed Integer                    ;
+-----------------+-------+-----------------------------------+
Note: In order to hide this table in the UI and the text report file, please set the "Show Parameter Settings in Synthesis Report" option in "Analysis and Synthesis Settings -> More Settings" to "Off".


+---------------------------------------------------------------------+
; Parameter Settings for User Entity Instance: registrador:ProgConter ;
+----------------+-------+--------------------------------------------+
; Parameter Name ; Value ; Type                                       ;
+----------------+-------+--------------------------------------------+
; larguradados   ; 32    ; Signed Integer                             ;
+----------------+-------+--------------------------------------------+
Note: In order to hide this table in the UI and the text report file, please set the "Show Parameter Settings in Synthesis Report" option in "Analysis and Synthesis Settings -> More Settings" to "Off".


+-------------------------------------------------------------------------+
; Parameter Settings for User Entity Instance: somadorConstante:SOMADOR_C ;
+----------------+-------+------------------------------------------------+
; Parameter Name ; Value ; Type                                           ;
+----------------+-------+------------------------------------------------+
; larguradados   ; 32    ; Signed Integer                                 ;
; constante      ; 4     ; Signed Integer                                 ;
+----------------+-------+------------------------------------------------+
Note: In order to hide this table in the UI and the text report file, please set the "Show Parameter Settings in Synthesis Report" option in "Analysis and Synthesis Settings -> More Settings" to "Off".


+-----------------------------------------------------------------+
; Parameter Settings for User Entity Instance: unidadeControle:UC ;
+----------------+-------+----------------------------------------+
; Parameter Name ; Value ; Type                                   ;
+----------------+-------+----------------------------------------+
; data_width     ; 32    ; Signed Integer                         ;
; addr_width     ; 32    ; Signed Integer                         ;
+----------------+-------+----------------------------------------+
Note: In order to hide this table in the UI and the text report file, please set the "Show Parameter Settings in Synthesis Report" option in "Analysis and Synthesis Settings -> More Settings" to "Off".


+-----------------------------------------------------------------------+
; Parameter Settings for User Entity Instance: unidadeControleULA:UCula ;
+----------------+-------+----------------------------------------------+
; Parameter Name ; Value ; Type                                         ;
+----------------+-------+----------------------------------------------+
; data_width     ; 32    ; Signed Integer                               ;
; addr_width     ; 32    ; Signed Integer                               ;
+----------------+-------+----------------------------------------------+
Note: In order to hide this table in the UI and the text report file, please set the "Show Parameter Settings in Synthesis Report" option in "Analysis and Synthesis Settings -> More Settings" to "Off".


+----------------------------------------------------------------+
; Parameter Settings for User Entity Instance: mux2x1:muxEndREG3 ;
+----------------+-------+---------------------------------------+
; Parameter Name ; Value ; Type                                  ;
+----------------+-------+---------------------------------------+
; larguradados   ; 5     ; Signed Integer                        ;
+----------------+-------+---------------------------------------+
Note: In order to hide this table in the UI and the text report file, please set the "Show Parameter Settings in Synthesis Report" option in "Analysis and Synthesis Settings -> More Settings" to "Off".


+--------------------------------------------------------------------+
; Parameter Settings for User Entity Instance: bancoRegistradores:BR ;
+---------------------+-------+--------------------------------------+
; Parameter Name      ; Value ; Type                                 ;
+---------------------+-------+--------------------------------------+
; larguradados        ; 32    ; Signed Integer                       ;
; larguraendbancoregs ; 5     ; Signed Integer                       ;
+---------------------+-------+--------------------------------------+
Note: In order to hide this table in the UI and the text report file, please set the "Show Parameter Settings in Synthesis Report" option in "Analysis and Synthesis Settings -> More Settings" to "Off".


+---------------------------------------------------------------+
; Parameter Settings for User Entity Instance: estendeSinal:EXT ;
+--------------------+-------+----------------------------------+
; Parameter Name     ; Value ; Type                             ;
+--------------------+-------+----------------------------------+
; larguradadoentrada ; 16    ; Signed Integer                   ;
; larguradadosaida   ; 32    ; Signed Integer                   ;
+--------------------+-------+----------------------------------+
Note: In order to hide this table in the UI and the text report file, please set the "Show Parameter Settings in Synthesis Report" option in "Analysis and Synthesis Settings -> More Settings" to "Off".


+------------------------------------------------------------+
; Parameter Settings for User Entity Instance: mux2x1:muxULA ;
+----------------+-------+-----------------------------------+
; Parameter Name ; Value ; Type                              ;
+----------------+-------+-----------------------------------+
; larguradados   ; 32    ; Signed Integer                    ;
+----------------+-------+-----------------------------------+
Note: In order to hide this table in the UI and the text report file, please set the "Show Parameter Settings in Synthesis Report" option in "Analysis and Synthesis Settings -> More Settings" to "Off".


+-------------------------------------------------------+
; Parameter Settings for User Entity Instance: ULA:ULAa ;
+----------------+-------+------------------------------+
; Parameter Name ; Value ; Type                         ;
+----------------+-------+------------------------------+
; larguradados   ; 32    ; Signed Integer               ;
+----------------+-------+------------------------------+
Note: In order to hide this table in the UI and the text report file, please set the "Show Parameter Settings in Synthesis Report" option in "Analysis and Synthesis Settings -> More Settings" to "Off".


+----------------------------------------------------------------------------------+
; Parameter Settings for User Entity Instance: ULA:ULAa|miniULA:ULA0|mux4x1Bit:mux ;
+----------------+-------+---------------------------------------------------------+
; Parameter Name ; Value ; Type                                                    ;
+----------------+-------+---------------------------------------------------------+
; larguradados   ; 8     ; Signed Integer                                          ;
+----------------+-------+---------------------------------------------------------+
Note: In order to hide this table in the UI and the text report file, please set the "Show Parameter Settings in Synthesis Report" option in "Analysis and Synthesis Settings -> More Settings" to "Off".


+----------------------------------------------------------------------------------+
; Parameter Settings for User Entity Instance: ULA:ULAa|miniULA:ULA1|mux4x1Bit:mux ;
+----------------+-------+---------------------------------------------------------+
; Parameter Name ; Value ; Type                                                    ;
+----------------+-------+---------------------------------------------------------+
; larguradados   ; 8     ; Signed Integer                                          ;
+----------------+-------+---------------------------------------------------------+
Note: In order to hide this table in the UI and the text report file, please set the "Show Parameter Settings in Synthesis Report" option in "Analysis and Synthesis Settings -> More Settings" to "Off".


+----------------------------------------------------------------------------------+
; Parameter Settings for User Entity Instance: ULA:ULAa|miniULA:ULA2|mux4x1Bit:mux ;
+----------------+-------+---------------------------------------------------------+
; Parameter Name ; Value ; Type                                                    ;
+----------------+-------+---------------------------------------------------------+
; larguradados   ; 8     ; Signed Integer                                          ;
+----------------+-------+---------------------------------------------------------+
Note: In order to hide this table in the UI and the text report file, please set the "Show Parameter Settings in Synthesis Report" option in "Analysis and Synthesis Settings -> More Settings" to "Off".


+----------------------------------------------------------------------------------+
; Parameter Settings for User Entity Instance: ULA:ULAa|miniULA:ULA3|mux4x1Bit:mux ;
+----------------+-------+---------------------------------------------------------+
; Parameter Name ; Value ; Type                                                    ;
+----------------+-------+---------------------------------------------------------+
; larguradados   ; 8     ; Signed Integer                                          ;
+----------------+-------+---------------------------------------------------------+
Note: In order to hide this table in the UI and the text report file, please set the "Show Parameter Settings in Synthesis Report" option in "Analysis and Synthesis Settings -> More Settings" to "Off".


+----------------------------------------------------------------------------------+
; Parameter Settings for User Entity Instance: ULA:ULAa|miniULA:ULA4|mux4x1Bit:mux ;
+----------------+-------+---------------------------------------------------------+
; Parameter Name ; Value ; Type                                                    ;
+----------------+-------+---------------------------------------------------------+
; larguradados   ; 8     ; Signed Integer                                          ;
+----------------+-------+---------------------------------------------------------+
Note: In order to hide this table in the UI and the text report file, please set the "Show Parameter Settings in Synthesis Report" option in "Analysis and Synthesis Settings -> More Settings" to "Off".


+----------------------------------------------------------------------------------+
; Parameter Settings for User Entity Instance: ULA:ULAa|miniULA:ULA5|mux4x1Bit:mux ;
+----------------+-------+---------------------------------------------------------+
; Parameter Name ; Value ; Type                                                    ;
+----------------+-------+---------------------------------------------------------+
; larguradados   ; 8     ; Signed Integer                                          ;
+----------------+-------+---------------------------------------------------------+
Note: In order to hide this table in the UI and the text report file, please set the "Show Parameter Settings in Synthesis Report" option in "Analysis and Synthesis Settings -> More Settings" to "Off".


+----------------------------------------------------------------------------------+
; Parameter Settings for User Entity Instance: ULA:ULAa|miniULA:ULA6|mux4x1Bit:mux ;
+----------------+-------+---------------------------------------------------------+
; Parameter Name ; Value ; Type                                                    ;
+----------------+-------+---------------------------------------------------------+
; larguradados   ; 8     ; Signed Integer                                          ;
+----------------+-------+---------------------------------------------------------+
Note: In order to hide this table in the UI and the text report file, please set the "Show Parameter Settings in Synthesis Report" option in "Analysis and Synthesis Settings -> More Settings" to "Off".


+----------------------------------------------------------------------------------+
; Parameter Settings for User Entity Instance: ULA:ULAa|miniULA:ULA7|mux4x1Bit:mux ;
+----------------+-------+---------------------------------------------------------+
; Parameter Name ; Value ; Type                                                    ;
+----------------+-------+---------------------------------------------------------+
; larguradados   ; 8     ; Signed Integer                                          ;
+----------------+-------+---------------------------------------------------------+
Note: In order to hide this table in the UI and the text report file, please set the "Show Parameter Settings in Synthesis Report" option in "Analysis and Synthesis Settings -> More Settings" to "Off".


+----------------------------------------------------------------------------------+
; Parameter Settings for User Entity Instance: ULA:ULAa|miniULA:ULA8|mux4x1Bit:mux ;
+----------------+-------+---------------------------------------------------------+
; Parameter Name ; Value ; Type                                                    ;
+----------------+-------+---------------------------------------------------------+
; larguradados   ; 8     ; Signed Integer                                          ;
+----------------+-------+---------------------------------------------------------+
Note: In order to hide this table in the UI and the text report file, please set the "Show Parameter Settings in Synthesis Report" option in "Analysis and Synthesis Settings -> More Settings" to "Off".


+----------------------------------------------------------------------------------+
; Parameter Settings for User Entity Instance: ULA:ULAa|miniULA:ULA9|mux4x1Bit:mux ;
+----------------+-------+---------------------------------------------------------+
; Parameter Name ; Value ; Type                                                    ;
+----------------+-------+---------------------------------------------------------+
; larguradados   ; 8     ; Signed Integer                                          ;
+----------------+-------+---------------------------------------------------------+
Note: In order to hide this table in the UI and the text report file, please set the "Show Parameter Settings in Synthesis Report" option in "Analysis and Synthesis Settings -> More Settings" to "Off".


+-----------------------------------------------------------------------------------+
; Parameter Settings for User Entity Instance: ULA:ULAa|miniULA:ULA10|mux4x1Bit:mux ;
+----------------+-------+----------------------------------------------------------+
; Parameter Name ; Value ; Type                                                     ;
+----------------+-------+----------------------------------------------------------+
; larguradados   ; 8     ; Signed Integer                                           ;
+----------------+-------+----------------------------------------------------------+
Note: In order to hide this table in the UI and the text report file, please set the "Show Parameter Settings in Synthesis Report" option in "Analysis and Synthesis Settings -> More Settings" to "Off".


+-----------------------------------------------------------------------------------+
; Parameter Settings for User Entity Instance: ULA:ULAa|miniULA:ULA11|mux4x1Bit:mux ;
+----------------+-------+----------------------------------------------------------+
; Parameter Name ; Value ; Type                                                     ;
+----------------+-------+----------------------------------------------------------+
; larguradados   ; 8     ; Signed Integer                                           ;
+----------------+-------+----------------------------------------------------------+
Note: In order to hide this table in the UI and the text report file, please set the "Show Parameter Settings in Synthesis Report" option in "Analysis and Synthesis Settings -> More Settings" to "Off".


+-----------------------------------------------------------------------------------+
; Parameter Settings for User Entity Instance: ULA:ULAa|miniULA:ULA12|mux4x1Bit:mux ;
+----------------+-------+----------------------------------------------------------+
; Parameter Name ; Value ; Type                                                     ;
+----------------+-------+----------------------------------------------------------+
; larguradados   ; 8     ; Signed Integer                                           ;
+----------------+-------+----------------------------------------------------------+
Note: In order to hide this table in the UI and the text report file, please set the "Show Parameter Settings in Synthesis Report" option in "Analysis and Synthesis Settings -> More Settings" to "Off".


+-----------------------------------------------------------------------------------+
; Parameter Settings for User Entity Instance: ULA:ULAa|miniULA:ULA13|mux4x1Bit:mux ;
+----------------+-------+----------------------------------------------------------+
; Parameter Name ; Value ; Type                                                     ;
+----------------+-------+----------------------------------------------------------+
; larguradados   ; 8     ; Signed Integer                                           ;
+----------------+-------+----------------------------------------------------------+
Note: In order to hide this table in the UI and the text report file, please set the "Show Parameter Settings in Synthesis Report" option in "Analysis and Synthesis Settings -> More Settings" to "Off".


+-----------------------------------------------------------------------------------+
; Parameter Settings for User Entity Instance: ULA:ULAa|miniULA:ULA14|mux4x1Bit:mux ;
+----------------+-------+----------------------------------------------------------+
; Parameter Name ; Value ; Type                                                     ;
+----------------+-------+----------------------------------------------------------+
; larguradados   ; 8     ; Signed Integer                                           ;
+----------------+-------+----------------------------------------------------------+
Note: In order to hide this table in the UI and the text report file, please set the "Show Parameter Settings in Synthesis Report" option in "Analysis and Synthesis Settings -> More Settings" to "Off".


+-----------------------------------------------------------------------------------+
; Parameter Settings for User Entity Instance: ULA:ULAa|miniULA:ULA15|mux4x1Bit:mux ;
+----------------+-------+----------------------------------------------------------+
; Parameter Name ; Value ; Type                                                     ;
+----------------+-------+----------------------------------------------------------+
; larguradados   ; 8     ; Signed Integer                                           ;
+----------------+-------+----------------------------------------------------------+
Note: In order to hide this table in the UI and the text report file, please set the "Show Parameter Settings in Synthesis Report" option in "Analysis and Synthesis Settings -> More Settings" to "Off".


+-----------------------------------------------------------------------------------+
; Parameter Settings for User Entity Instance: ULA:ULAa|miniULA:ULA16|mux4x1Bit:mux ;
+----------------+-------+----------------------------------------------------------+
; Parameter Name ; Value ; Type                                                     ;
+----------------+-------+----------------------------------------------------------+
; larguradados   ; 8     ; Signed Integer                                           ;
+----------------+-------+----------------------------------------------------------+
Note: In order to hide this table in the UI and the text report file, please set the "Show Parameter Settings in Synthesis Report" option in "Analysis and Synthesis Settings -> More Settings" to "Off".


+-----------------------------------------------------------------------------------+
; Parameter Settings for User Entity Instance: ULA:ULAa|miniULA:ULA17|mux4x1Bit:mux ;
+----------------+-------+----------------------------------------------------------+
; Parameter Name ; Value ; Type                                                     ;
+----------------+-------+----------------------------------------------------------+
; larguradados   ; 8     ; Signed Integer                                           ;
+----------------+-------+----------------------------------------------------------+
Note: In order to hide this table in the UI and the text report file, please set the "Show Parameter Settings in Synthesis Report" option in "Analysis and Synthesis Settings -> More Settings" to "Off".


+-----------------------------------------------------------------------------------+
; Parameter Settings for User Entity Instance: ULA:ULAa|miniULA:ULA18|mux4x1Bit:mux ;
+----------------+-------+----------------------------------------------------------+
; Parameter Name ; Value ; Type                                                     ;
+----------------+-------+----------------------------------------------------------+
; larguradados   ; 8     ; Signed Integer                                           ;
+----------------+-------+----------------------------------------------------------+
Note: In order to hide this table in the UI and the text report file, please set the "Show Parameter Settings in Synthesis Report" option in "Analysis and Synthesis Settings -> More Settings" to "Off".


+-----------------------------------------------------------------------------------+
; Parameter Settings for User Entity Instance: ULA:ULAa|miniULA:ULA19|mux4x1Bit:mux ;
+----------------+-------+----------------------------------------------------------+
; Parameter Name ; Value ; Type                                                     ;
+----------------+-------+----------------------------------------------------------+
; larguradados   ; 8     ; Signed Integer                                           ;
+----------------+-------+----------------------------------------------------------+
Note: In order to hide this table in the UI and the text report file, please set the "Show Parameter Settings in Synthesis Report" option in "Analysis and Synthesis Settings -> More Settings" to "Off".


+-----------------------------------------------------------------------------------+
; Parameter Settings for User Entity Instance: ULA:ULAa|miniULA:ULA20|mux4x1Bit:mux ;
+----------------+-------+----------------------------------------------------------+
; Parameter Name ; Value ; Type                                                     ;
+----------------+-------+----------------------------------------------------------+
; larguradados   ; 8     ; Signed Integer                                           ;
+----------------+-------+----------------------------------------------------------+
Note: In order to hide this table in the UI and the text report file, please set the "Show Parameter Settings in Synthesis Report" option in "Analysis and Synthesis Settings -> More Settings" to "Off".


+-----------------------------------------------------------------------------------+
; Parameter Settings for User Entity Instance: ULA:ULAa|miniULA:ULA21|mux4x1Bit:mux ;
+----------------+-------+----------------------------------------------------------+
; Parameter Name ; Value ; Type                                                     ;
+----------------+-------+----------------------------------------------------------+
; larguradados   ; 8     ; Signed Integer                                           ;
+----------------+-------+----------------------------------------------------------+
Note: In order to hide this table in the UI and the text report file, please set the "Show Parameter Settings in Synthesis Report" option in "Analysis and Synthesis Settings -> More Settings" to "Off".


+-----------------------------------------------------------------------------------+
; Parameter Settings for User Entity Instance: ULA:ULAa|miniULA:ULA22|mux4x1Bit:mux ;
+----------------+-------+----------------------------------------------------------+
; Parameter Name ; Value ; Type                                                     ;
+----------------+-------+----------------------------------------------------------+
; larguradados   ; 8     ; Signed Integer                                           ;
+----------------+-------+----------------------------------------------------------+
Note: In order to hide this table in the UI and the text report file, please set the "Show Parameter Settings in Synthesis Report" option in "Analysis and Synthesis Settings -> More Settings" to "Off".


+-----------------------------------------------------------------------------------+
; Parameter Settings for User Entity Instance: ULA:ULAa|miniULA:ULA23|mux4x1Bit:mux ;
+----------------+-------+----------------------------------------------------------+
; Parameter Name ; Value ; Type                                                     ;
+----------------+-------+----------------------------------------------------------+
; larguradados   ; 8     ; Signed Integer                                           ;
+----------------+-------+----------------------------------------------------------+
Note: In order to hide this table in the UI and the text report file, please set the "Show Parameter Settings in Synthesis Report" option in "Analysis and Synthesis Settings -> More Settings" to "Off".


+-----------------------------------------------------------------------------------+
; Parameter Settings for User Entity Instance: ULA:ULAa|miniULA:ULA24|mux4x1Bit:mux ;
+----------------+-------+----------------------------------------------------------+
; Parameter Name ; Value ; Type                                                     ;
+----------------+-------+----------------------------------------------------------+
; larguradados   ; 8     ; Signed Integer                                           ;
+----------------+-------+----------------------------------------------------------+
Note: In order to hide this table in the UI and the text report file, please set the "Show Parameter Settings in Synthesis Report" option in "Analysis and Synthesis Settings -> More Settings" to "Off".


+-----------------------------------------------------------------------------------+
; Parameter Settings for User Entity Instance: ULA:ULAa|miniULA:ULA25|mux4x1Bit:mux ;
+----------------+-------+----------------------------------------------------------+
; Parameter Name ; Value ; Type                                                     ;
+----------------+-------+----------------------------------------------------------+
; larguradados   ; 8     ; Signed Integer                                           ;
+----------------+-------+----------------------------------------------------------+
Note: In order to hide this table in the UI and the text report file, please set the "Show Parameter Settings in Synthesis Report" option in "Analysis and Synthesis Settings -> More Settings" to "Off".


+-----------------------------------------------------------------------------------+
; Parameter Settings for User Entity Instance: ULA:ULAa|miniULA:ULA26|mux4x1Bit:mux ;
+----------------+-------+----------------------------------------------------------+
; Parameter Name ; Value ; Type                                                     ;
+----------------+-------+----------------------------------------------------------+
; larguradados   ; 8     ; Signed Integer                                           ;
+----------------+-------+----------------------------------------------------------+
Note: In order to hide this table in the UI and the text report file, please set the "Show Parameter Settings in Synthesis Report" option in "Analysis and Synthesis Settings -> More Settings" to "Off".


+-----------------------------------------------------------------------------------+
; Parameter Settings for User Entity Instance: ULA:ULAa|miniULA:ULA27|mux4x1Bit:mux ;
+----------------+-------+----------------------------------------------------------+
; Parameter Name ; Value ; Type                                                     ;
+----------------+-------+----------------------------------------------------------+
; larguradados   ; 8     ; Signed Integer                                           ;
+----------------+-------+----------------------------------------------------------+
Note: In order to hide this table in the UI and the text report file, please set the "Show Parameter Settings in Synthesis Report" option in "Analysis and Synthesis Settings -> More Settings" to "Off".


+-----------------------------------------------------------------------------------+
; Parameter Settings for User Entity Instance: ULA:ULAa|miniULA:ULA28|mux4x1Bit:mux ;
+----------------+-------+----------------------------------------------------------+
; Parameter Name ; Value ; Type                                                     ;
+----------------+-------+----------------------------------------------------------+
; larguradados   ; 8     ; Signed Integer                                           ;
+----------------+-------+----------------------------------------------------------+
Note: In order to hide this table in the UI and the text report file, please set the "Show Parameter Settings in Synthesis Report" option in "Analysis and Synthesis Settings -> More Settings" to "Off".


+-----------------------------------------------------------------------------------+
; Parameter Settings for User Entity Instance: ULA:ULAa|miniULA:ULA29|mux4x1Bit:mux ;
+----------------+-------+----------------------------------------------------------+
; Parameter Name ; Value ; Type                                                     ;
+----------------+-------+----------------------------------------------------------+
; larguradados   ; 8     ; Signed Integer                                           ;
+----------------+-------+----------------------------------------------------------+
Note: In order to hide this table in the UI and the text report file, please set the "Show Parameter Settings in Synthesis Report" option in "Analysis and Synthesis Settings -> More Settings" to "Off".


+-----------------------------------------------------------------------------------+
; Parameter Settings for User Entity Instance: ULA:ULAa|miniULA:ULA30|mux4x1Bit:mux ;
+----------------+-------+----------------------------------------------------------+
; Parameter Name ; Value ; Type                                                     ;
+----------------+-------+----------------------------------------------------------+
; larguradados   ; 8     ; Signed Integer                                           ;
+----------------+-------+----------------------------------------------------------+
Note: In order to hide this table in the UI and the text report file, please set the "Show Parameter Settings in Synthesis Report" option in "Analysis and Synthesis Settings -> More Settings" to "Off".


+-----------------------------------------------------------------------------------+
; Parameter Settings for User Entity Instance: ULA:ULAa|miniULA:ULA31|mux4x1Bit:mux ;
+----------------+-------+----------------------------------------------------------+
; Parameter Name ; Value ; Type                                                     ;
+----------------+-------+----------------------------------------------------------+
; larguradados   ; 8     ; Signed Integer                                           ;
+----------------+-------+----------------------------------------------------------+
Note: In order to hide this table in the UI and the text report file, please set the "Show Parameter Settings in Synthesis Report" option in "Analysis and Synthesis Settings -> More Settings" to "Off".


+-------------------------------------------------------------+
; Parameter Settings for User Entity Instance: memoriaRAM:RAM ;
+-----------------+-------+-----------------------------------+
; Parameter Name  ; Value ; Type                              ;
+-----------------+-------+-----------------------------------+
; datawidth       ; 32    ; Signed Integer                    ;
; addrwidth       ; 32    ; Signed Integer                    ;
; memoryaddrwidth ; 6     ; Signed Integer                    ;
+-----------------+-------+-----------------------------------+
Note: In order to hide this table in the UI and the text report file, please set the "Show Parameter Settings in Synthesis Report" option in "Analysis and Synthesis Settings -> More Settings" to "Off".


+----------------------------------------------------------------+
; Parameter Settings for User Entity Instance: mux2x1:muxEscREG3 ;
+----------------+-------+---------------------------------------+
; Parameter Name ; Value ; Type                                  ;
+----------------+-------+---------------------------------------+
; larguradados   ; 32    ; Signed Integer                        ;
+----------------+-------+---------------------------------------+
Note: In order to hide this table in the UI and the text report file, please set the "Show Parameter Settings in Synthesis Report" option in "Analysis and Synthesis Settings -> More Settings" to "Off".


+--------------------------------------------------------------+
; Parameter Settings for User Entity Instance: shifter:SHIFTER ;
+----------------+-------+-------------------------------------+
; Parameter Name ; Value ; Type                                ;
+----------------+-------+-------------------------------------+
; larguradados   ; 32    ; Signed Integer                      ;
+----------------+-------+-------------------------------------+
Note: In order to hide this table in the UI and the text report file, please set the "Show Parameter Settings in Synthesis Report" option in "Analysis and Synthesis Settings -> More Settings" to "Off".


+--------------------------------------------------------------+
; Parameter Settings for User Entity Instance: somador:SOMADOR ;
+----------------+-------+-------------------------------------+
; Parameter Name ; Value ; Type                                ;
+----------------+-------+-------------------------------------+
; larguradados   ; 32    ; Signed Integer                      ;
+----------------+-------+-------------------------------------+
Note: In order to hide this table in the UI and the text report file, please set the "Show Parameter Settings in Synthesis Report" option in "Analysis and Synthesis Settings -> More Settings" to "Off".


+-------------------------------------------------------------+
; Parameter Settings for User Entity Instance: mux2x1:muxJUMP ;
+----------------+-------+------------------------------------+
; Parameter Name ; Value ; Type                               ;
+----------------+-------+------------------------------------+
; larguradados   ; 32    ; Signed Integer                     ;
+----------------+-------+------------------------------------+
Note: In order to hide this table in the UI and the text report file, please set the "Show Parameter Settings in Synthesis Report" option in "Analysis and Synthesis Settings -> More Settings" to "Off".


+-----------------------------------------------------------+
; Parameter Settings for User Entity Instance: mux2x1:muxPC ;
+----------------+-------+----------------------------------+
; Parameter Name ; Value ; Type                             ;
+----------------+-------+----------------------------------+
; larguradados   ; 32    ; Signed Integer                   ;
+----------------+-------+----------------------------------+
Note: In order to hide this table in the UI and the text report file, please set the "Show Parameter Settings in Synthesis Report" option in "Analysis and Synthesis Settings -> More Settings" to "Off".


+---------------------------------------------------------------------------------------------------------------------------+
; Analysis & Elaboration Settings                                                                                           ;
+---------------------------------------------------------------------------------+--------------------+--------------------+
; Option                                                                          ; Setting            ; Default Value      ;
+---------------------------------------------------------------------------------+--------------------+--------------------+
; Device                                                                          ; 5CEBA4F23C7        ;                    ;
; Top-level entity name                                                           ; topLevel           ; MIPS               ;
; Family name                                                                     ; Cyclone V          ; Cyclone V          ;
; VHDL Show LMF Mapping Messages                                                  ; Off                ;                    ;
; VHDL Version                                                                    ; VHDL_2008          ; VHDL_1993          ;
; Use smart compilation                                                           ; Off                ; Off                ;
; Enable parallel Assembler and Timing Analyzer during compilation                ; On                 ; On                 ;
; Enable compact report table                                                     ; Off                ; Off                ;
; Restructure Multiplexers                                                        ; Auto               ; Auto               ;
; MLAB Add Timing Constraints For Mixed-Port Feed-Through Mode Setting Don't Care ; Off                ; Off                ;
; Create Debugging Nodes for IP Cores                                             ; Off                ; Off                ;
; Preserve fewer node names                                                       ; On                 ; On                 ;
; Intel FPGA IP Evaluation Mode                                                   ; Enable             ; Enable             ;
; Verilog Version                                                                 ; Verilog_2001       ; Verilog_2001       ;
; State Machine Processing                                                        ; Auto               ; Auto               ;
; Safe State Machine                                                              ; Off                ; Off                ;
; Extract Verilog State Machines                                                  ; On                 ; On                 ;
; Extract VHDL State Machines                                                     ; On                 ; On                 ;
; Ignore Verilog initial constructs                                               ; Off                ; Off                ;
; Iteration limit for constant Verilog loops                                      ; 5000               ; 5000               ;
; Iteration limit for non-constant Verilog loops                                  ; 250                ; 250                ;
; Add Pass-Through Logic to Inferred RAMs                                         ; On                 ; On                 ;
; Infer RAMs from Raw Logic                                                       ; On                 ; On                 ;
; Parallel Synthesis                                                              ; On                 ; On                 ;
; DSP Block Balancing                                                             ; Auto               ; Auto               ;
; NOT Gate Push-Back                                                              ; On                 ; On                 ;
; Power-Up Don't Care                                                             ; On                 ; On                 ;
; Remove Redundant Logic Cells                                                    ; Off                ; Off                ;
; Remove Duplicate Registers                                                      ; On                 ; On                 ;
; Ignore CARRY Buffers                                                            ; Off                ; Off                ;
; Ignore CASCADE Buffers                                                          ; Off                ; Off                ;
; Ignore GLOBAL Buffers                                                           ; Off                ; Off                ;
; Ignore ROW GLOBAL Buffers                                                       ; Off                ; Off                ;
; Ignore LCELL Buffers                                                            ; Off                ; Off                ;
; Ignore SOFT Buffers                                                             ; On                 ; On                 ;
; Limit AHDL Integers to 32 Bits                                                  ; Off                ; Off                ;
; Optimization Technique                                                          ; Balanced           ; Balanced           ;
; Carry Chain Length                                                              ; 70                 ; 70                 ;
; Auto Carry Chains                                                               ; On                 ; On                 ;
; Auto Open-Drain Pins                                                            ; On                 ; On                 ;
; Perform WYSIWYG Primitive Resynthesis                                           ; Off                ; Off                ;
; Auto ROM Replacement                                                            ; On                 ; On                 ;
; Auto RAM Replacement                                                            ; On                 ; On                 ;
; Auto DSP Block Replacement                                                      ; On                 ; On                 ;
; Auto Shift Register Replacement                                                 ; Auto               ; Auto               ;
; Allow Shift Register Merging across Hierarchies                                 ; Auto               ; Auto               ;
; Auto Clock Enable Replacement                                                   ; On                 ; On                 ;
; Strict RAM Replacement                                                          ; Off                ; Off                ;
; Allow Synchronous Control Signals                                               ; On                 ; On                 ;
; Force Use of Synchronous Clear Signals                                          ; Off                ; Off                ;
; Auto Resource Sharing                                                           ; Off                ; Off                ;
; Allow Any RAM Size For Recognition                                              ; Off                ; Off                ;
; Allow Any ROM Size For Recognition                                              ; Off                ; Off                ;
; Allow Any Shift Register Size For Recognition                                   ; Off                ; Off                ;
; Use LogicLock Constraints during Resource Balancing                             ; On                 ; On                 ;
; Ignore translate_off and synthesis_off directives                               ; Off                ; Off                ;
; Timing-Driven Synthesis                                                         ; On                 ; On                 ;
; Report Parameter Settings                                                       ; On                 ; On                 ;
; Report Source Assignments                                                       ; On                 ; On                 ;
; Report Connectivity Checks                                                      ; On                 ; On                 ;
; Ignore Maximum Fan-Out Assignments                                              ; Off                ; Off                ;
; Synchronization Register Chain Length                                           ; 3                  ; 3                  ;
; Power Optimization During Synthesis                                             ; Normal compilation ; Normal compilation ;
; HDL message level                                                               ; Level2             ; Level2             ;
; Suppress Register Optimization Related Messages                                 ; Off                ; Off                ;
; Number of Removed Registers Reported in Synthesis Report                        ; 5000               ; 5000               ;
; Number of Swept Nodes Reported in Synthesis Report                              ; 5000               ; 5000               ;
; Number of Inverted Registers Reported in Synthesis Report                       ; 100                ; 100                ;
; Clock MUX Protection                                                            ; On                 ; On                 ;
; Auto Gated Clock Conversion                                                     ; Off                ; Off                ;
; Block Design Naming                                                             ; Auto               ; Auto               ;
; SDC constraint protection                                                       ; Off                ; Off                ;
; Synthesis Effort                                                                ; Auto               ; Auto               ;
; Shift Register Replacement - Allow Asynchronous Clear Signal                    ; On                 ; On                 ;
; Pre-Mapping Resynthesis Optimization                                            ; Off                ; Off                ;
; Analysis & Synthesis Message Level                                              ; Medium             ; Medium             ;
; Disable Register Merging Across Hierarchies                                     ; Auto               ; Auto               ;
; Resource Aware Inference For Block RAM                                          ; On                 ; On                 ;
; Automatic Parallel Synthesis                                                    ; On                 ; On                 ;
; Partial Reconfiguration Bitstream ID                                            ; Off                ; Off                ;
+---------------------------------------------------------------------------------+--------------------+--------------------+


+------------------------------------------------------+
; Port Connectivity Checks: "mux2x1:muxPC"             ;
+--------------------+-------+----------+--------------+
; Port               ; Type  ; Severity ; Details      ;
+--------------------+-------+----------+--------------+
; entradab_mux[1..0] ; Input ; Info     ; Stuck at GND ;
+--------------------+-------+----------+--------------+


+---------------------------------------------------------------------------------------------------------------------+
; Port Connectivity Checks: "ULA:ULAa|miniULA:ULA0|mux4x1Bit:mux"                                                     ;
+-----------+--------+----------+-------------------------------------------------------------------------------------+
; Port      ; Type   ; Severity ; Details                                                                             ;
+-----------+--------+----------+-------------------------------------------------------------------------------------+
; saida_mux ; Output ; Info     ; Connected to dangling logic. Logic that only feeds a dangling port will be removed. ;
+-----------+--------+----------+-------------------------------------------------------------------------------------+


+----------------------------------------------------+
; Port Connectivity Checks: "registrador:ProgConter" ;
+--------+-------+----------+------------------------+
; Port   ; Type  ; Severity ; Details                ;
+--------+-------+----------+------------------------+
; enable ; Input ; Info     ; Stuck at VCC           ;
; rst    ; Input ; Info     ; Stuck at GND           ;
+--------+-------+----------+------------------------+


+---------------------------------+
; Analysis & Elaboration Messages ;
+---------------------------------+
Info: *******************************************************************
Info: Running Quartus Prime Analysis & Elaboration
    Info: Version 18.1.0 Build 625 09/12/2018 SJ Lite Edition
    Info: Processing started: Tue Nov 10 17:28:53 2020
Info: Command: quartus_map --read_settings_files=on --write_settings_files=off MIPS -c MIPS --analysis_and_elaboration
Warning (18236): Number of processors has not been specified which may cause overloading on shared machines.  Set the global assignment NUM_PARALLEL_PROCESSORS in your QSF to an appropriate value for best performance.
Info (20030): Parallel compilation is enabled and will use 4 of the 4 processors detected
Info (12021): Found 2 design units, including 1 entities, in source file memoriaROM.vhd
    Info (12022): Found design unit 1: memoriaROM-assincrona File: /home/emanuelle/Desktop/INSPER/DesComp/MIPS/memoriaROM.vhd Line: 16
    Info (12023): Found entity 1: memoriaROM File: /home/emanuelle/Desktop/INSPER/DesComp/MIPS/memoriaROM.vhd Line: 6
Info (12021): Found 2 design units, including 1 entities, in source file unidadeControle.vhd
    Info (12022): Found design unit 1: unidadeControle-arch_name File: /home/emanuelle/Desktop/INSPER/DesComp/MIPS/unidadeControle.vhd Line: 22
    Info (12023): Found entity 1: unidadeControle File: /home/emanuelle/Desktop/INSPER/DesComp/MIPS/unidadeControle.vhd Line: 7
Info (12021): Found 2 design units, including 1 entities, in source file bancoRegistradores.vhd
    Info (12022): Found design unit 1: bancoRegistradores-comportamento File: /home/emanuelle/Desktop/INSPER/DesComp/MIPS/bancoRegistradores.vhd Line: 30
    Info (12023): Found entity 1: bancoRegistradores File: /home/emanuelle/Desktop/INSPER/DesComp/MIPS/bancoRegistradores.vhd Line: 7
Info (12021): Found 2 design units, including 1 entities, in source file ULA.vhd
    Info (12022): Found design unit 1: ULA-comportamento File: /home/emanuelle/Desktop/INSPER/DesComp/MIPS/ULA.vhd Line: 21
    Info (12023): Found entity 1: ULA File: /home/emanuelle/Desktop/INSPER/DesComp/MIPS/ULA.vhd Line: 5
Info (12021): Found 2 design units, including 1 entities, in source file somador.vhd
    Info (12022): Found design unit 1: somador-comportamento File: /home/emanuelle/Desktop/INSPER/DesComp/MIPS/somador.vhd Line: 18
    Info (12023): Found entity 1: somador File: /home/emanuelle/Desktop/INSPER/DesComp/MIPS/somador.vhd Line: 6
Info (12021): Found 2 design units, including 1 entities, in source file mux2x1.vhd
    Info (12022): Found design unit 1: mux2x1-comportamento File: /home/emanuelle/Desktop/INSPER/DesComp/MIPS/mux2x1.vhd Line: 14
    Info (12023): Found entity 1: mux2x1 File: /home/emanuelle/Desktop/INSPER/DesComp/MIPS/mux2x1.vhd Line: 4
Info (12021): Found 2 design units, including 1 entities, in source file topLevel.vhd
    Info (12022): Found design unit 1: topLevel-uwu File: /home/emanuelle/Desktop/INSPER/DesComp/MIPS/topLevel.vhd Line: 28
    Info (12023): Found entity 1: topLevel File: /home/emanuelle/Desktop/INSPER/DesComp/MIPS/topLevel.vhd Line: 10
Info (12021): Found 2 design units, including 1 entities, in source file registrador.vhd
    Info (12022): Found design unit 1: registrador-comportamento File: /home/emanuelle/Desktop/INSPER/DesComp/MIPS/registrador.vhd Line: 15
    Info (12023): Found entity 1: registrador File: /home/emanuelle/Desktop/INSPER/DesComp/MIPS/registrador.vhd Line: 4
Info (12021): Found 2 design units, including 1 entities, in source file memoriaRAM.vhd
    Info (12022): Found design unit 1: memoriaRAM-assincrona File: /home/emanuelle/Desktop/INSPER/DesComp/MIPS/memoriaRAM.vhd Line: 18
    Info (12023): Found entity 1: memoriaRAM File: /home/emanuelle/Desktop/INSPER/DesComp/MIPS/memoriaRAM.vhd Line: 5
Info (12021): Found 2 design units, including 1 entities, in source file estendeSinal.vhd
    Info (12022): Found design unit 1: estendeSinal-comportamento File: /home/emanuelle/Desktop/INSPER/DesComp/MIPS/estendeSinal.vhd Line: 19
    Info (12023): Found entity 1: estendeSinal File: /home/emanuelle/Desktop/INSPER/DesComp/MIPS/estendeSinal.vhd Line: 4
Info (12021): Found 2 design units, including 1 entities, in source file shifter.vhd
    Info (12022): Found design unit 1: shifter-comportamento File: /home/emanuelle/Desktop/INSPER/DesComp/MIPS/shifter.vhd Line: 15
    Info (12023): Found entity 1: shifter File: /home/emanuelle/Desktop/INSPER/DesComp/MIPS/shifter.vhd Line: 5
Info (12021): Found 2 design units, including 1 entities, in source file somadorConstante.vhd
    Info (12022): Found design unit 1: somadorConstante-comportamento File: /home/emanuelle/Desktop/INSPER/DesComp/MIPS/somadorConstante.vhd Line: 16
    Info (12023): Found entity 1: somadorConstante File: /home/emanuelle/Desktop/INSPER/DesComp/MIPS/somadorConstante.vhd Line: 5
Info (12021): Found 1 design units, including 0 entities, in source file constantes.vhd
    Info (12022): Found design unit 1: constantes File: /home/emanuelle/Desktop/INSPER/DesComp/MIPS/constantes.vhd Line: 6
Info (12021): Found 2 design units, including 1 entities, in source file somadorULA.vhd
    Info (12022): Found design unit 1: somadorULA-comportamento File: /home/emanuelle/Desktop/INSPER/DesComp/MIPS/somadorULA.vhd Line: 17
    Info (12023): Found entity 1: somadorULA File: /home/emanuelle/Desktop/INSPER/DesComp/MIPS/somadorULA.vhd Line: 5
Info (12021): Found 2 design units, including 1 entities, in source file mux4x1.vhd
    Info (12022): Found design unit 1: mux4x1-comportamento File: /home/emanuelle/Desktop/INSPER/DesComp/MIPS/mux4x1.vhd Line: 14
    Info (12023): Found entity 1: mux4x1 File: /home/emanuelle/Desktop/INSPER/DesComp/MIPS/mux4x1.vhd Line: 4
Info (12021): Found 2 design units, including 1 entities, in source file miniULA.vhd
    Info (12022): Found design unit 1: miniULA-comportamento File: /home/emanuelle/Desktop/INSPER/DesComp/MIPS/miniULA.vhd Line: 17
    Info (12023): Found entity 1: miniULA File: /home/emanuelle/Desktop/INSPER/DesComp/MIPS/miniULA.vhd Line: 5
Info (12021): Found 2 design units, including 1 entities, in source file mux4x1Bit.vhd
    Info (12022): Found design unit 1: mux4x1Bit-comportamento File: /home/emanuelle/Desktop/INSPER/DesComp/MIPS/mux4x1Bit.vhd Line: 14
    Info (12023): Found entity 1: mux4x1Bit File: /home/emanuelle/Desktop/INSPER/DesComp/MIPS/mux4x1Bit.vhd Line: 4
Info (12021): Found 2 design units, including 1 entities, in source file unidadeControleULA.vhd
    Info (12022): Found design unit 1: unidadeControleULA-uwu File: /home/emanuelle/Desktop/INSPER/DesComp/MIPS/unidadeControleULA.vhd Line: 22
    Info (12023): Found entity 1: unidadeControleULA File: /home/emanuelle/Desktop/INSPER/DesComp/MIPS/unidadeControleULA.vhd Line: 7
Info (12127): Elaborating entity "topLevel" for the top level hierarchy
Info (12128): Elaborating entity "memoriaROM" for hierarchy "memoriaROM:ROM" File: /home/emanuelle/Desktop/INSPER/DesComp/MIPS/topLevel.vhd Line: 53
Warning (10541): VHDL Signal Declaration warning at memoriaROM.vhd(19): used implicit default value for signal "memROM" because signal was never assigned a value or an explicit default value. Use of implicit default value may introduce unintended design optimizations. File: /home/emanuelle/Desktop/INSPER/DesComp/MIPS/memoriaROM.vhd Line: 19
Info (12128): Elaborating entity "registrador" for hierarchy "registrador:ProgConter" File: /home/emanuelle/Desktop/INSPER/DesComp/MIPS/topLevel.vhd Line: 56
Info (12128): Elaborating entity "somadorConstante" for hierarchy "somadorConstante:SOMADOR_C" File: /home/emanuelle/Desktop/INSPER/DesComp/MIPS/topLevel.vhd Line: 59
Info (12128): Elaborating entity "unidadeControle" for hierarchy "unidadeControle:UC" File: /home/emanuelle/Desktop/INSPER/DesComp/MIPS/topLevel.vhd Line: 62
Info (12128): Elaborating entity "unidadeControleULA" for hierarchy "unidadeControleULA:UCula" File: /home/emanuelle/Desktop/INSPER/DesComp/MIPS/topLevel.vhd Line: 65
Info (12128): Elaborating entity "mux2x1" for hierarchy "mux2x1:muxEndREG3" File: /home/emanuelle/Desktop/INSPER/DesComp/MIPS/topLevel.vhd Line: 68
Info (12128): Elaborating entity "bancoRegistradores" for hierarchy "bancoRegistradores:BR" File: /home/emanuelle/Desktop/INSPER/DesComp/MIPS/topLevel.vhd Line: 75
Info (12128): Elaborating entity "estendeSinal" for hierarchy "estendeSinal:EXT" File: /home/emanuelle/Desktop/INSPER/DesComp/MIPS/topLevel.vhd Line: 78
Warning (10540): VHDL Signal Declaration warning at estendeSinal.vhd(22): used explicit default value for signal "right" because signal was never assigned a value File: /home/emanuelle/Desktop/INSPER/DesComp/MIPS/estendeSinal.vhd Line: 22
Warning (10492): VHDL Process Statement warning at estendeSinal.vhd(33): signal "left" is read inside the Process Statement but isn't in the Process Statement's sensitivity list File: /home/emanuelle/Desktop/INSPER/DesComp/MIPS/estendeSinal.vhd Line: 33
Warning (10492): VHDL Process Statement warning at estendeSinal.vhd(33): signal "right" is read inside the Process Statement but isn't in the Process Statement's sensitivity list File: /home/emanuelle/Desktop/INSPER/DesComp/MIPS/estendeSinal.vhd Line: 33
Info (12128): Elaborating entity "mux2x1" for hierarchy "mux2x1:muxULA" File: /home/emanuelle/Desktop/INSPER/DesComp/MIPS/topLevel.vhd Line: 81
Info (12128): Elaborating entity "ULA" for hierarchy "ULA:ULAa" File: /home/emanuelle/Desktop/INSPER/DesComp/MIPS/topLevel.vhd Line: 84
Warning (10541): VHDL Signal Declaration warning at ULA.vhd(16): used implicit default value for signal "flagZ" because signal was never assigned a value or an explicit default value. Use of implicit default value may introduce unintended design optimizations. File: /home/emanuelle/Desktop/INSPER/DesComp/MIPS/ULA.vhd Line: 16
Info (12128): Elaborating entity "miniULA" for hierarchy "ULA:ULAa|miniULA:ULA0" File: /home/emanuelle/Desktop/INSPER/DesComp/MIPS/ULA.vhd Line: 31
Warning (10541): VHDL Signal Declaration warning at miniULA.vhd(13): used implicit default value for signal "saida" because signal was never assigned a value or an explicit default value. Use of implicit default value may introduce unintended design optimizations. File: /home/emanuelle/Desktop/INSPER/DesComp/MIPS/miniULA.vhd Line: 13
Warning (10036): Verilog HDL or VHDL warning at miniULA.vhd(20): object "saidaMux" assigned a value but never read File: /home/emanuelle/Desktop/INSPER/DesComp/MIPS/miniULA.vhd Line: 20
Info (12128): Elaborating entity "somadorULA" for hierarchy "ULA:ULAa|miniULA:ULA0|somadorULA:somador" File: /home/emanuelle/Desktop/INSPER/DesComp/MIPS/miniULA.vhd Line: 25
Info (10041): Inferred latch for "C_out" at somadorULA.vhd(27) File: /home/emanuelle/Desktop/INSPER/DesComp/MIPS/somadorULA.vhd Line: 27
Info (12128): Elaborating entity "mux4x1Bit" for hierarchy "ULA:ULAa|miniULA:ULA0|mux4x1Bit:mux" File: /home/emanuelle/Desktop/INSPER/DesComp/MIPS/miniULA.vhd Line: 28
Info (12128): Elaborating entity "memoriaRAM" for hierarchy "memoriaRAM:RAM" File: /home/emanuelle/Desktop/INSPER/DesComp/MIPS/topLevel.vhd Line: 87
Info (12128): Elaborating entity "shifter" for hierarchy "shifter:SHIFTER" File: /home/emanuelle/Desktop/INSPER/DesComp/MIPS/topLevel.vhd Line: 93
Info (12128): Elaborating entity "somador" for hierarchy "somador:SOMADOR" File: /home/emanuelle/Desktop/INSPER/DesComp/MIPS/topLevel.vhd Line: 96
Info: Quartus Prime Analysis & Elaboration was successful. 0 errors, 8 warnings
    Info: Peak virtual memory: 1307 megabytes
    Info: Processing ended: Tue Nov 10 17:29:08 2020
    Info: Elapsed time: 00:00:15
    Info: Total CPU time (on all processors): 00:00:41


